e:\[programming]\[c++]\[directx]\[kinect]\firstkinectproject\debug\vc140.pdb
e:\[programming]\[c++]\[directx]\[kinect]\firstkinectproject\debug\vc140.idb
e:\[programming]\[c++]\[directx]\[kinect]\firstkinectproject\debug\maingame.obj
e:\[programming]\[c++]\[directx]\[kinect]\firstkinectproject\debug\handcircle.obj
e:\[programming]\[c++]\[directx]\[kinect]\firstkinectproject\debug\firstkinectproject.pch
e:\[programming]\[c++]\[directx]\[kinect]\firstkinectproject\debug\dxut.obj
e:\[programming]\[c++]\[directx]\[kinect]\firstkinectproject\debug\textmanager.obj
e:\[programming]\[c++]\[directx]\[kinect]\firstkinectproject\debug\inputmanager.obj
e:\[programming]\[c++]\[directx]\[kinect]\firstkinectproject\debug\firstkinectproject.obj
e:\[programming]\[c++]\[directx]\[kinect]\firstkinectproject\debug\sdkmisc.obj
e:\[programming]\[c++]\[directx]\[kinect]\firstkinectproject\debug\sdkmesh.obj
e:\[programming]\[c++]\[directx]\[kinect]\firstkinectproject\debug\dxutsettingsdlg.obj
e:\[programming]\[c++]\[directx]\[kinect]\firstkinectproject\debug\dxutres.obj
e:\[programming]\[c++]\[directx]\[kinect]\firstkinectproject\debug\dxutgui.obj
e:\[programming]\[c++]\[directx]\[kinect]\firstkinectproject\debug\dxutcamera.obj
e:\[programming]\[c++]\[directx]\[kinect]\firstkinectproject\debug\dxutmisc.obj
e:\[programming]\[c++]\[directx]\[kinect]\firstkinectproject\debug\dxutenum.obj
e:\[programming]\[c++]\[directx]\[kinect]\firstkinectproject\debug\imagemanager.obj
e:\[programming]\[c++]\[directx]\[kinect]\firstkinectproject\debug\firstkinectproject.res
e:\[programming]\[c++]\[directx]\[kinect]\firstkinectproject\debug\firstkinectproject.ilk
e:\[programming]\[c++]\[directx]\[kinect]\firstkinectproject\debug\firstkinectproject.pdb
e:\[programming]\[c++]\[directx]\[kinect]\firstkinectproject\debug\firstkinectproject.exe
e:\[programming]\[c++]\[directx]\[kinect]\firstkinectproject\debug\firstkin.d3d09108.tlog\cl.command.1.tlog
e:\[programming]\[c++]\[directx]\[kinect]\firstkinectproject\debug\firstkin.d3d09108.tlog\cl.read.1.tlog
e:\[programming]\[c++]\[directx]\[kinect]\firstkinectproject\debug\firstkin.d3d09108.tlog\cl.write.1.tlog
e:\[programming]\[c++]\[directx]\[kinect]\firstkinectproject\debug\firstkin.d3d09108.tlog\link.command.1.tlog
e:\[programming]\[c++]\[directx]\[kinect]\firstkinectproject\debug\firstkin.d3d09108.tlog\link.read.1.tlog
e:\[programming]\[c++]\[directx]\[kinect]\firstkinectproject\debug\firstkin.d3d09108.tlog\link.write.1.tlog
e:\[programming]\[c++]\[directx]\[kinect]\firstkinectproject\debug\firstkin.d3d09108.tlog\rc.command.1.tlog
e:\[programming]\[c++]\[directx]\[kinect]\firstkinectproject\debug\firstkin.d3d09108.tlog\rc.read.1.tlog
e:\[programming]\[c++]\[directx]\[kinect]\firstkinectproject\debug\firstkin.d3d09108.tlog\rc.write.1.tlog
