  CIngameScene.cpp
c:\users\sm mo\desktop\프로젝트 모음\[ 키넥트 ]\kinectframework\cingamescene.cpp(53): warning C4996: 'sprintf': This function or variable may be unsafe. Consider using sprintf_s instead. To disable deprecation, use _CRT_SECURE_NO_WARNINGS. See online help for details.
  c:\program files (x86)\windows kits\10\include\10.0.17134.0\ucrt\stdio.h(1774): note: 'sprintf' 선언을 참조하십시오.
c:\users\sm mo\desktop\프로젝트 모음\[ 키넥트 ]\kinectframework\cingamescene.cpp(56): warning C4996: 'sprintf': This function or variable may be unsafe. Consider using sprintf_s instead. To disable deprecation, use _CRT_SECURE_NO_WARNINGS. See online help for details.
  c:\program files (x86)\windows kits\10\include\10.0.17134.0\ucrt\stdio.h(1774): note: 'sprintf' 선언을 참조하십시오.
c:\users\sm mo\desktop\프로젝트 모음\[ 키넥트 ]\kinectframework\cingamescene.cpp(61): warning C4996: 'sprintf': This function or variable may be unsafe. Consider using sprintf_s instead. To disable deprecation, use _CRT_SECURE_NO_WARNINGS. See online help for details.
  c:\program files (x86)\windows kits\10\include\10.0.17134.0\ucrt\stdio.h(1774): note: 'sprintf' 선언을 참조하십시오.
c:\users\sm mo\desktop\프로젝트 모음\[ 키넥트 ]\kinectframework\cingamescene.cpp(64): warning C4996: 'sprintf': This function or variable may be unsafe. Consider using sprintf_s instead. To disable deprecation, use _CRT_SECURE_NO_WARNINGS. See online help for details.
  c:\program files (x86)\windows kits\10\include\10.0.17134.0\ucrt\stdio.h(1774): note: 'sprintf' 선언을 참조하십시오.
  CPictures.cpp
c:\users\sm mo\desktop\프로젝트 모음\[ 키넥트 ]\kinectframework\cpictures.cpp(114): warning C4244: '초기화 중': 'float'에서 'int'(으)로 변환하면서 데이터가 손실될 수 있습니다.
c:\users\sm mo\desktop\프로젝트 모음\[ 키넥트 ]\kinectframework\cpictures.cpp(116): warning C4244: '=': 'double'에서 'int'(으)로 변환하면서 데이터가 손실될 수 있습니다.
c:\users\sm mo\desktop\프로젝트 모음\[ 키넥트 ]\kinectframework\cpictures.cpp(192): warning C4244: '인수': 'int'에서 'FLOAT'(으)로 변환하면서 데이터가 손실될 수 있습니다.
c:\users\sm mo\desktop\프로젝트 모음\[ 키넥트 ]\kinectframework\cpictures.cpp(193): warning C4244: '인수': 'int'에서 'FLOAT'(으)로 변환하면서 데이터가 손실될 수 있습니다.
c:\users\sm mo\desktop\프로젝트 모음\[ 키넥트 ]\kinectframework\cpictures.cpp(196): warning C4244: '인수': 'int'에서 'FLOAT'(으)로 변환하면서 데이터가 손실될 수 있습니다.
c:\users\sm mo\desktop\프로젝트 모음\[ 키넥트 ]\kinectframework\cpictures.cpp(197): warning C4244: '인수': 'int'에서 'FLOAT'(으)로 변환하면서 데이터가 손실될 수 있습니다.
c:\users\sm mo\desktop\프로젝트 모음\[ 키넥트 ]\kinectframework\cpictures.h(56): warning C4244: '=': 'float'에서 'int'(으)로 변환하면서 데이터가 손실될 수 있습니다.
  c:\users\sm mo\desktop\프로젝트 모음\[ 키넥트 ]\kinectframework\cpictures.cpp(170): note: 컴파일 중인 함수 템플릿 인스턴스화 'void CPictures::lerp<int>(T *,const T,const T,const float)'에 대한 참조를 확인하십시오.
          with
          [
              T=int
          ]
  코드를 생성하고 있습니다...
  FirstKinectProject_2010.vcxproj -> C:\Users\sm mo\Desktop\프로젝트 모음\[ 키넥트 ]\KinectFrameWork\Debug\FirstKinectProject.exe
