  CIngameScene.cpp
  CPictures.cpp
c:\users\sm mo\desktop\프로젝트 모음\[ 키넥트 ]\kinectframework\cpictures.cpp(107): warning C4244: '초기화 중': 'float'에서 'int'(으)로 변환하면서 데이터가 손실될 수 있습니다.
c:\users\sm mo\desktop\프로젝트 모음\[ 키넥트 ]\kinectframework\cpictures.cpp(109): warning C4244: '=': 'double'에서 'int'(으)로 변환하면서 데이터가 손실될 수 있습니다.
c:\users\sm mo\desktop\프로젝트 모음\[ 키넥트 ]\kinectframework\cpictures.cpp(184): warning C4244: '인수': 'int'에서 'FLOAT'(으)로 변환하면서 데이터가 손실될 수 있습니다.
c:\users\sm mo\desktop\프로젝트 모음\[ 키넥트 ]\kinectframework\cpictures.cpp(185): warning C4244: '인수': 'int'에서 'FLOAT'(으)로 변환하면서 데이터가 손실될 수 있습니다.
c:\users\sm mo\desktop\프로젝트 모음\[ 키넥트 ]\kinectframework\cpictures.cpp(188): warning C4244: '인수': 'int'에서 'FLOAT'(으)로 변환하면서 데이터가 손실될 수 있습니다.
c:\users\sm mo\desktop\프로젝트 모음\[ 키넥트 ]\kinectframework\cpictures.cpp(189): warning C4244: '인수': 'int'에서 'FLOAT'(으)로 변환하면서 데이터가 손실될 수 있습니다.
c:\users\sm mo\desktop\프로젝트 모음\[ 키넥트 ]\kinectframework\cpictures.h(56): warning C4244: '=': 'float'에서 'int'(으)로 변환하면서 데이터가 손실될 수 있습니다.
  c:\users\sm mo\desktop\프로젝트 모음\[ 키넥트 ]\kinectframework\cpictures.cpp(162): note: 컴파일 중인 함수 템플릿 인스턴스화 'void CPictures::lerp<int>(T *,const T,const T,const float)'에 대한 참조를 확인하십시오.
          with
          [
              T=int
          ]
  HandCircle.cpp
  MainGame.cpp
  코드를 생성하고 있습니다.
  26 of 1364 functions ( 1.9%) were compiled, the rest were copied from previous compilation.
    4 functions were new in current compilation
    6 functions had inline decision re-evaluated but remain unchanged
  코드를 생성했습니다.
  FirstKinectProject_2010.vcxproj -> C:\Users\sm mo\Desktop\프로젝트 모음\[ 키넥트 ]\KinectFrameWork\Release\FirstKinectProject.exe
